[2026-03-07T08:25:48Z] bash
[2026-03-07T08:25:48Z] bash
[2026-03-07T08:31:34Z] report_intent
[2026-03-07T08:31:34Z] bash
[2026-03-07T08:31:34Z] web_fetch
[2026-03-07T08:31:55Z] skill
[2026-03-07T08:32:01Z] sql
[2026-03-07T08:32:01Z] bash
[2026-03-07T08:32:05Z] sql
[2026-03-07T08:37:20Z] report_intent
[2026-03-07T08:37:20Z] web_fetch
[2026-03-07T08:37:20Z] bash
[2026-03-07T08:42:12Z] report_intent
[2026-03-07T08:42:13Z] web_fetch
[2026-03-07T08:42:13Z] bash
[2026-03-07T08:42:30Z] web_fetch
[2026-03-07T08:42:43Z] bash
[2026-03-07T08:43:04Z] bash
[2026-03-07T08:43:04Z] bash
[2026-03-07T08:43:09Z] bash
[2026-03-07T08:43:24Z] bash
[2026-03-07T08:43:52Z] bash
[2026-03-07T08:43:58Z] bash
[2026-03-07T08:44:03Z] bash
[2026-03-07T08:44:09Z] web_fetch
[2026-03-07T08:44:13Z] web_fetch
[2026-03-07T08:44:16Z] web_fetch
[2026-03-07T08:44:19Z] web_fetch
[2026-03-07T08:44:40Z] web_fetch
[2026-03-07T08:45:02Z] bash
[2026-03-07T08:45:07Z] view
[2026-03-07T08:45:08Z] view
[2026-03-07T08:45:24Z] view
[2026-03-07T08:45:24Z] view
[2026-03-07T08:45:47Z] bash
[2026-03-07T08:45:52Z] edit
[2026-03-07T08:45:56Z] edit
[2026-03-07T08:46:00Z] bash
[2026-03-07T08:46:09Z] bash
[2026-03-07T08:46:23Z] bash
[2026-03-07T08:46:33Z] store_memory
[2026-03-07T08:46:33Z] bash
[2026-03-07T08:46:37Z] bash
[2026-03-07T08:59:12Z] report_intent
[2026-03-07T08:59:12Z] bash
[2026-03-07T08:59:12Z] bash
[2026-03-07T08:59:21Z] report_intent
[2026-03-07T08:59:21Z] bash
[2026-03-07T08:59:21Z] bash
[2026-03-07T08:59:21Z] bash
[2026-03-07T08:59:28Z] bash
[2026-03-07T08:59:28Z] bash
[2026-03-07T08:59:28Z] bash
[2026-03-07T08:59:29Z] bash
[2026-03-07T09:00:05Z] bash
[2026-03-07T09:00:05Z] bash
[2026-03-07T09:00:06Z] bash
[2026-03-07T09:00:29Z] bash
[2026-03-07T09:00:29Z] bash
[2026-03-07T09:00:58Z] report_intent
[2026-03-07T09:00:58Z] web_search
[2026-03-07T09:00:59Z] bash
[2026-03-07T09:01:40Z] bash
[2026-03-07T09:01:40Z] bash
[2026-03-07T09:02:09Z] bash
[2026-03-07T09:02:18Z] bash
[2026-03-07T09:02:39Z] report_intent
[2026-03-07T09:02:39Z] bash
[2026-03-07T09:02:44Z] bash
[2026-03-07T09:02:50Z] bash
[2026-03-07T09:02:54Z] bash
[2026-03-07T09:02:58Z] bash
[2026-03-07T09:39:57Z] report_intent
[2026-03-07T09:39:57Z] bash
[2026-03-07T09:39:58Z] web_fetch
[2026-03-07T09:40:26Z] bash
[2026-03-07T09:40:37Z] bash
